<?xml version="1.0" encoding="UTF-8"?>
<testng-results ignored="0" total="1" passed="1" failed="0" skipped="0">
  <reporter-output>
  </reporter-output>
  <suite started-at="2023-06-28T16:11:28 IST" name="Default suite" finished-at="2023-06-28T16:11:49 IST" duration-ms="21513">
    <groups>
    </groups>
    <test started-at="2023-06-28T16:11:28 IST" name="Default test" finished-at="2023-06-28T16:11:49 IST" duration-ms="21513">
      <class name="com.tests.End2EndJourneyTest">
        <test-method is-config="true" signature="setUp()[pri:0, instance:com.tests.End2EndJourneyTest@56ba8773]" started-at="2023-06-28T16:11:28 IST" name="setUp" finished-at="2023-06-28T16:11:37 IST" duration-ms="9300" status="PASS">
          <reporter-output>
          </reporter-output>
        </test-method> <!-- setUp -->
        <test-method signature="buyProductTest()[pri:1, instance:com.tests.End2EndJourneyTest@56ba8773]" started-at="2023-06-28T16:11:37 IST" name="buyProductTest" description="Validating End to End jouney of purchasing a product" finished-at="2023-06-28T16:11:48 IST" duration-ms="10162" status="PASS">
          <reporter-output>
          </reporter-output>
        </test-method> <!-- buyProductTest -->
        <test-method is-config="true" signature="tearDown()[pri:0, instance:com.tests.End2EndJourneyTest@56ba8773]" started-at="2023-06-28T16:11:48 IST" name="tearDown" finished-at="2023-06-28T16:11:49 IST" duration-ms="1620" status="PASS">
          <reporter-output>
          </reporter-output>
        </test-method> <!-- tearDown -->
      </class> <!-- com.tests.End2EndJourneyTest -->
    </test> <!-- Default test -->
  </suite> <!-- Default suite -->
</testng-results>
